[2016-06-13 15:25:34][ERROR][com.frameworkset.common.poolman.util.JDBCPool] initializing JDBCPool[bspf] failed:
java.sql.SQLException: Cannot create PoolableConnectionFactory (Communications link failure due to underlying exception: 

** BEGIN NESTED EXCEPTION ** 

java.net.SocketException
MESSAGE: java.net.ConnectException: Connection refused: connect

STACKTRACE:

java.net.SocketException: java.net.ConnectException: Connection refused: connect
	at com.mysql.jdbc.StandardSocketFactory.connect(StandardSocketFactory.java:156)
	at com.mysql.jdbc.MysqlIO.<init>(MysqlIO.java:284)
	at com.mysql.jdbc.Connection.createNewIO(Connection.java:2569)
	at com.mysql.jdbc.Connection.<init>(Connection.java:1485)
	at com.mysql.jdbc.NonRegisteringDriver.connect(NonRegisteringDriver.java:266)
	at com.frameworkset.commons.dbcp2.DriverConnectionFactory.createConnection(DriverConnectionFactory.java:39)
	at com.frameworkset.commons.dbcp2.PoolableConnectionFactory.makeObject(PoolableConnectionFactory.java:256)
	at com.frameworkset.commons.dbcp2.BasicDataSource.validateConnectionFactory(BasicDataSource.java:2329)
	at com.frameworkset.commons.dbcp2.BasicDataSource.createPoolableConnectionFactory(BasicDataSource.java:2315)
	at com.frameworkset.commons.dbcp2.BasicDataSource.createDataSource(BasicDataSource.java:2066)
	at com.frameworkset.commons.dbcp2.BasicDataSource.getLogWriter(BasicDataSource.java:1616)
	at com.frameworkset.commons.dbcp.BasicDataSourceFactory.createDBCP2DataSource(BasicDataSourceFactory.java:319)
	at com.frameworkset.common.poolman.util.JDBCPool.initPoolDatasource(JDBCPool.java:529)
	at com.frameworkset.common.poolman.util.JDBCPool.setUpCommonPool(JDBCPool.java:560)
	at com.frameworkset.common.poolman.util.JDBCPool.startPool(JDBCPool.java:791)
	at com.frameworkset.common.poolman.util.JDBCPool.<init>(JDBCPool.java:754)
	at com.frameworkset.common.poolman.util.SQLManager.createPool(SQLManager.java:123)
	at com.frameworkset.common.poolman.management.LocalPoolDeployer.startDataSources(LocalPoolDeployer.java:146)
	at com.frameworkset.common.poolman.management.LocalPoolDeployer.deployConfiguration(LocalPoolDeployer.java:69)
	at com.frameworkset.common.poolman.management.PoolManBootstrap.start(PoolManBootstrap.java:185)
	at com.frameworkset.common.poolman.management.PoolManBootstrap.start(PoolManBootstrap.java:99)
	at com.frameworkset.common.poolman.util.SQLManager.assertLoaded(SQLManager.java:142)
	at com.frameworkset.common.poolman.util.SQLManager.getPool(SQLManager.java:248)
	at com.frameworkset.common.poolman.util.SQLManager.getPool(SQLManager.java:240)
	at com.frameworkset.common.poolman.util.SQLManager.getDatasourceByDBName(SQLManager.java:158)
	at sun.reflect.NativeMethodAccessorImpl.invoke0(Native Method)
	at sun.reflect.NativeMethodAccessorImpl.invoke(NativeMethodAccessorImpl.java:57)
	at sun.reflect.DelegatingMethodAccessorImpl.invoke(DelegatingMethodAccessorImpl.java:43)
	at java.lang.reflect.Method.invoke(Method.java:606)
	at org.frameworkset.spi.assemble.BeanAccembleHelper.invokerMethod(BeanAccembleHelper.java:1207)
	at org.frameworkset.spi.assemble.BeanAccembleHelper.creatorBeanByFactoryClass(BeanAccembleHelper.java:1311)
	at org.frameworkset.spi.assemble.BeanAccembleHelper.getBeanFromFactory(BeanAccembleHelper.java:962)
	at org.frameworkset.spi.assemble.BeanAccembleHelper.getBean(BeanAccembleHelper.java:1802)
	at org.frameworkset.spi.assemble.Pro.getBean(Pro.java:328)
	at org.frameworkset.spi.assemble.Pro.getTrueValue_(Pro.java:1086)
	at org.frameworkset.spi.assemble.Pro.getTrueValue(Pro.java:926)
	at org.frameworkset.spi.assemble.Pro.getTrueValue(Pro.java:902)
	at org.frameworkset.spi.assemble.Pro.getTrueValue(Pro.java:885)
	at org.frameworkset.spi.assemble.BeanAccembleHelper.getBeanFromClass(BeanAccembleHelper.java:1626)
	at org.frameworkset.spi.assemble.BeanAccembleHelper.getBeanFromClass(BeanAccembleHelper.java:1588)
	at org.frameworkset.spi.assemble.BeanAccembleHelper.getBean(BeanAccembleHelper.java:1795)
	at org.frameworkset.spi.assemble.Pro.getBean(Pro.java:328)
	at org.frameworkset.spi.assemble.Pro.getTrueValue_(Pro.java:1086)
	at org.frameworkset.spi.assemble.Pro.getTrueValue(Pro.java:926)
	at org.frameworkset.spi.assemble.Pro.getTrueValue(Pro.java:902)
	at org.frameworkset.spi.assemble.Pro.getBeanObject(Pro.java:1510)
	at org.frameworkset.spi.assemble.ServiceProviderManager.getBeanObject(ServiceProviderManager.java:905)
	at org.frameworkset.spi.BaseApplicationContext.getBeanObject(BaseApplicationContext.java:1718)
	at org.frameworkset.spi.BaseApplicationContext.getBeanObject(BaseApplicationContext.java:1623)
	at org.frameworkset.spi.BaseApplicationContext.getBeanObject(BaseApplicationContext.java:1676)
	at org.frameworkset.spi.assemble.BeanAccembleHelper.getFactoryRefValue(BeanAccembleHelper.java:216)
	at org.frameworkset.spi.assemble.BeanAccembleHelper.getBeanFromFactory(BeanAccembleHelper.java:913)
	at org.frameworkset.spi.assemble.BeanAccembleHelper.getBean(BeanAccembleHelper.java:1802)
	at org.frameworkset.spi.assemble.Pro.getBean(Pro.java:328)
	at org.frameworkset.spi.assemble.Pro.getTrueValue_(Pro.java:1086)
	at org.frameworkset.spi.assemble.Pro.getTrueValue(Pro.java:926)
	at org.frameworkset.spi.assemble.Pro.getTrueValue(Pro.java:902)
	at org.frameworkset.spi.assemble.Pro.getBeanObject(Pro.java:1510)
	at org.frameworkset.spi.assemble.ServiceProviderManager.getBeanObject(ServiceProviderManager.java:905)
	at org.frameworkset.spi.BaseApplicationContext.getBeanObject(BaseApplicationContext.java:1718)
	at org.frameworkset.spi.BaseApplicationContext.getBeanObject(BaseApplicationContext.java:1623)
	at org.frameworkset.spi.BaseApplicationContext.getBeanObject(BaseApplicationContext.java:1406)
	at org.frameworkset.spi.BaseApplicationContext.getTBeanObject(BaseApplicationContext.java:1398)
	at com.frameworkset.common.poolman.hibernate.TestPlugin.test(TestPlugin.java:20)
	at sun.reflect.NativeMethodAccessorImpl.invoke0(Native Method)
	at sun.reflect.NativeMethodAccessorImpl.invoke(NativeMethodAccessorImpl.java:57)
	at sun.reflect.DelegatingMethodAccessorImpl.invoke(DelegatingMethodAccessorImpl.java:43)
	at java.lang.reflect.Method.invoke(Method.java:606)
	at org.junit.runners.model.FrameworkMethod$1.runReflectiveCall(FrameworkMethod.java:50)
	at org.junit.internal.runners.model.ReflectiveCallable.run(ReflectiveCallable.java:12)
	at org.junit.runners.model.FrameworkMethod.invokeExplosively(FrameworkMethod.java:47)
	at org.junit.internal.runners.statements.InvokeMethod.evaluate(InvokeMethod.java:17)
	at org.junit.runners.ParentRunner.runLeaf(ParentRunner.java:325)
	at org.junit.runners.BlockJUnit4ClassRunner.runChild(BlockJUnit4ClassRunner.java:78)
	at org.junit.runners.BlockJUnit4ClassRunner.runChild(BlockJUnit4ClassRunner.java:57)
	at org.junit.runners.ParentRunner$3.run(ParentRunner.java:290)
	at org.junit.runners.ParentRunner$1.schedule(ParentRunner.java:71)
	at org.junit.runners.ParentRunner.runChildren(ParentRunner.java:288)
	at org.junit.runners.ParentRunner.access$000(ParentRunner.java:58)
	at org.junit.runners.ParentRunner$2.evaluate(ParentRunner.java:268)
	at org.junit.runners.ParentRunner.run(ParentRunner.java:363)
	at org.eclipse.jdt.internal.junit4.runner.JUnit4TestReference.run(JUnit4TestReference.java:86)
	at org.eclipse.jdt.internal.junit.runner.TestExecution.run(TestExecution.java:38)
	at org.eclipse.jdt.internal.junit.runner.RemoteTestRunner.runTests(RemoteTestRunner.java:459)
	at org.eclipse.jdt.internal.junit.runner.RemoteTestRunner.runTests(RemoteTestRunner.java:675)
	at org.eclipse.jdt.internal.junit.runner.RemoteTestRunner.run(RemoteTestRunner.java:382)
	at org.eclipse.jdt.internal.junit.runner.RemoteTestRunner.main(RemoteTestRunner.java:192)


** END NESTED EXCEPTION **



Last packet sent to the server was 18 ms ago.)
	at com.frameworkset.commons.dbcp2.BasicDataSource.createPoolableConnectionFactory(BasicDataSource.java:2319)
	at com.frameworkset.commons.dbcp2.BasicDataSource.createDataSource(BasicDataSource.java:2066)
	at com.frameworkset.commons.dbcp2.BasicDataSource.getLogWriter(BasicDataSource.java:1616)
	at com.frameworkset.commons.dbcp.BasicDataSourceFactory.createDBCP2DataSource(BasicDataSourceFactory.java:319)
	at com.frameworkset.common.poolman.util.JDBCPool.initPoolDatasource(JDBCPool.java:529)
	at com.frameworkset.common.poolman.util.JDBCPool.setUpCommonPool(JDBCPool.java:560)
	at com.frameworkset.common.poolman.util.JDBCPool.startPool(JDBCPool.java:791)
	at com.frameworkset.common.poolman.util.JDBCPool.<init>(JDBCPool.java:754)
	at com.frameworkset.common.poolman.util.SQLManager.createPool(SQLManager.java:123)
	at com.frameworkset.common.poolman.management.LocalPoolDeployer.startDataSources(LocalPoolDeployer.java:146)
	at com.frameworkset.common.poolman.management.LocalPoolDeployer.deployConfiguration(LocalPoolDeployer.java:69)
	at com.frameworkset.common.poolman.management.PoolManBootstrap.start(PoolManBootstrap.java:185)
	at com.frameworkset.common.poolman.management.PoolManBootstrap.start(PoolManBootstrap.java:99)
	at com.frameworkset.common.poolman.util.SQLManager.assertLoaded(SQLManager.java:142)
	at com.frameworkset.common.poolman.util.SQLManager.getPool(SQLManager.java:248)
	at com.frameworkset.common.poolman.util.SQLManager.getPool(SQLManager.java:240)
	at com.frameworkset.common.poolman.util.SQLManager.getDatasourceByDBName(SQLManager.java:158)
	at sun.reflect.NativeMethodAccessorImpl.invoke0(Native Method)
	at sun.reflect.NativeMethodAccessorImpl.invoke(NativeMethodAccessorImpl.java:57)
	at sun.reflect.DelegatingMethodAccessorImpl.invoke(DelegatingMethodAccessorImpl.java:43)
	at java.lang.reflect.Method.invoke(Method.java:606)
	at org.frameworkset.spi.assemble.BeanAccembleHelper.invokerMethod(BeanAccembleHelper.java:1207)
	at org.frameworkset.spi.assemble.BeanAccembleHelper.creatorBeanByFactoryClass(BeanAccembleHelper.java:1311)
	at org.frameworkset.spi.assemble.BeanAccembleHelper.getBeanFromFactory(BeanAccembleHelper.java:962)
	at org.frameworkset.spi.assemble.BeanAccembleHelper.getBean(BeanAccembleHelper.java:1802)
	at org.frameworkset.spi.assemble.Pro.getBean(Pro.java:328)
	at org.frameworkset.spi.assemble.Pro.getTrueValue_(Pro.java:1086)
	at org.frameworkset.spi.assemble.Pro.getTrueValue(Pro.java:926)
	at org.frameworkset.spi.assemble.Pro.getTrueValue(Pro.java:902)
	at org.frameworkset.spi.assemble.Pro.getTrueValue(Pro.java:885)
	at org.frameworkset.spi.assemble.BeanAccembleHelper.getBeanFromClass(BeanAccembleHelper.java:1626)
	at org.frameworkset.spi.assemble.BeanAccembleHelper.getBeanFromClass(BeanAccembleHelper.java:1588)
	at org.frameworkset.spi.assemble.BeanAccembleHelper.getBean(BeanAccembleHelper.java:1795)
	at org.frameworkset.spi.assemble.Pro.getBean(Pro.java:328)
	at org.frameworkset.spi.assemble.Pro.getTrueValue_(Pro.java:1086)
	at org.frameworkset.spi.assemble.Pro.getTrueValue(Pro.java:926)
	at org.frameworkset.spi.assemble.Pro.getTrueValue(Pro.java:902)
	at org.frameworkset.spi.assemble.Pro.getBeanObject(Pro.java:1510)
	at org.frameworkset.spi.assemble.ServiceProviderManager.getBeanObject(ServiceProviderManager.java:905)
	at org.frameworkset.spi.BaseApplicationContext.getBeanObject(BaseApplicationContext.java:1718)
	at org.frameworkset.spi.BaseApplicationContext.getBeanObject(BaseApplicationContext.java:1623)
	at org.frameworkset.spi.BaseApplicationContext.getBeanObject(BaseApplicationContext.java:1676)
	at org.frameworkset.spi.assemble.BeanAccembleHelper.getFactoryRefValue(BeanAccembleHelper.java:216)
	at org.frameworkset.spi.assemble.BeanAccembleHelper.getBeanFromFactory(BeanAccembleHelper.java:913)
	at org.frameworkset.spi.assemble.BeanAccembleHelper.getBean(BeanAccembleHelper.java:1802)
	at org.frameworkset.spi.assemble.Pro.getBean(Pro.java:328)
	at org.frameworkset.spi.assemble.Pro.getTrueValue_(Pro.java:1086)
	at org.frameworkset.spi.assemble.Pro.getTrueValue(Pro.java:926)
	at org.frameworkset.spi.assemble.Pro.getTrueValue(Pro.java:902)
	at org.frameworkset.spi.assemble.Pro.getBeanObject(Pro.java:1510)
	at org.frameworkset.spi.assemble.ServiceProviderManager.getBeanObject(ServiceProviderManager.java:905)
	at org.frameworkset.spi.BaseApplicationContext.getBeanObject(BaseApplicationContext.java:1718)
	at org.frameworkset.spi.BaseApplicationContext.getBeanObject(BaseApplicationContext.java:1623)
	at org.frameworkset.spi.BaseApplicationContext.getBeanObject(BaseApplicationContext.java:1406)
	at org.frameworkset.spi.BaseApplicationContext.getTBeanObject(BaseApplicationContext.java:1398)
	at com.frameworkset.common.poolman.hibernate.TestPlugin.test(TestPlugin.java:20)
	at sun.reflect.NativeMethodAccessorImpl.invoke0(Native Method)
	at sun.reflect.NativeMethodAccessorImpl.invoke(NativeMethodAccessorImpl.java:57)
	at sun.reflect.DelegatingMethodAccessorImpl.invoke(DelegatingMethodAccessorImpl.java:43)
	at java.lang.reflect.Method.invoke(Method.java:606)
	at org.junit.runners.model.FrameworkMethod$1.runReflectiveCall(FrameworkMethod.java:50)
	at org.junit.internal.runners.model.ReflectiveCallable.run(ReflectiveCallable.java:12)
	at org.junit.runners.model.FrameworkMethod.invokeExplosively(FrameworkMethod.java:47)
	at org.junit.internal.runners.statements.InvokeMethod.evaluate(InvokeMethod.java:17)
	at org.junit.runners.ParentRunner.runLeaf(ParentRunner.java:325)
	at org.junit.runners.BlockJUnit4ClassRunner.runChild(BlockJUnit4ClassRunner.java:78)
	at org.junit.runners.BlockJUnit4ClassRunner.runChild(BlockJUnit4ClassRunner.java:57)
	at org.junit.runners.ParentRunner$3.run(ParentRunner.java:290)
	at org.junit.runners.ParentRunner$1.schedule(ParentRunner.java:71)
	at org.junit.runners.ParentRunner.runChildren(ParentRunner.java:288)
	at org.junit.runners.ParentRunner.access$000(ParentRunner.java:58)
	at org.junit.runners.ParentRunner$2.evaluate(ParentRunner.java:268)
	at org.junit.runners.ParentRunner.run(ParentRunner.java:363)
	at org.eclipse.jdt.internal.junit4.runner.JUnit4TestReference.run(JUnit4TestReference.java:86)
	at org.eclipse.jdt.internal.junit.runner.TestExecution.run(TestExecution.java:38)
	at org.eclipse.jdt.internal.junit.runner.RemoteTestRunner.runTests(RemoteTestRunner.java:459)
	at org.eclipse.jdt.internal.junit.runner.RemoteTestRunner.runTests(RemoteTestRunner.java:675)
	at org.eclipse.jdt.internal.junit.runner.RemoteTestRunner.run(RemoteTestRunner.java:382)
	at org.eclipse.jdt.internal.junit.runner.RemoteTestRunner.main(RemoteTestRunner.java:192)
Caused by: com.mysql.jdbc.CommunicationsException: Communications link failure due to underlying exception: 

** BEGIN NESTED EXCEPTION ** 

java.net.SocketException
MESSAGE: java.net.ConnectException: Connection refused: connect

STACKTRACE:

java.net.SocketException: java.net.ConnectException: Connection refused: connect
	at com.mysql.jdbc.StandardSocketFactory.connect(StandardSocketFactory.java:156)
	at com.mysql.jdbc.MysqlIO.<init>(MysqlIO.java:284)
	at com.mysql.jdbc.Connection.createNewIO(Connection.java:2569)
	at com.mysql.jdbc.Connection.<init>(Connection.java:1485)
	at com.mysql.jdbc.NonRegisteringDriver.connect(NonRegisteringDriver.java:266)
	at com.frameworkset.commons.dbcp2.DriverConnectionFactory.createConnection(DriverConnectionFactory.java:39)
	at com.frameworkset.commons.dbcp2.PoolableConnectionFactory.makeObject(PoolableConnectionFactory.java:256)
	at com.frameworkset.commons.dbcp2.BasicDataSource.validateConnectionFactory(BasicDataSource.java:2329)
	at com.frameworkset.commons.dbcp2.BasicDataSource.createPoolableConnectionFactory(BasicDataSource.java:2315)
	at com.frameworkset.commons.dbcp2.BasicDataSource.createDataSource(BasicDataSource.java:2066)
	at com.frameworkset.commons.dbcp2.BasicDataSource.getLogWriter(BasicDataSource.java:1616)
	at com.frameworkset.commons.dbcp.BasicDataSourceFactory.createDBCP2DataSource(BasicDataSourceFactory.java:319)
	at com.frameworkset.common.poolman.util.JDBCPool.initPoolDatasource(JDBCPool.java:529)
	at com.frameworkset.common.poolman.util.JDBCPool.setUpCommonPool(JDBCPool.java:560)
	at com.frameworkset.common.poolman.util.JDBCPool.startPool(JDBCPool.java:791)
	at com.frameworkset.common.poolman.util.JDBCPool.<init>(JDBCPool.java:754)
	at com.frameworkset.common.poolman.util.SQLManager.createPool(SQLManager.java:123)
	at com.frameworkset.common.poolman.management.LocalPoolDeployer.startDataSources(LocalPoolDeployer.java:146)
	at com.frameworkset.common.poolman.management.LocalPoolDeployer.deployConfiguration(LocalPoolDeployer.java:69)
	at com.frameworkset.common.poolman.management.PoolManBootstrap.start(PoolManBootstrap.java:185)
	at com.frameworkset.common.poolman.management.PoolManBootstrap.start(PoolManBootstrap.java:99)
	at com.frameworkset.common.poolman.util.SQLManager.assertLoaded(SQLManager.java:142)
	at com.frameworkset.common.poolman.util.SQLManager.getPool(SQLManager.java:248)
	at com.frameworkset.common.poolman.util.SQLManager.getPool(SQLManager.java:240)
	at com.frameworkset.common.poolman.util.SQLManager.getDatasourceByDBName(SQLManager.java:158)
	at sun.reflect.NativeMethodAccessorImpl.invoke0(Native Method)
	at sun.reflect.NativeMethodAccessorImpl.invoke(NativeMethodAccessorImpl.java:57)
	at sun.reflect.DelegatingMethodAccessorImpl.invoke(DelegatingMethodAccessorImpl.java:43)
	at java.lang.reflect.Method.invoke(Method.java:606)
	at org.frameworkset.spi.assemble.BeanAccembleHelper.invokerMethod(BeanAccembleHelper.java:1207)
	at org.frameworkset.spi.assemble.BeanAccembleHelper.creatorBeanByFactoryClass(BeanAccembleHelper.java:1311)
	at org.frameworkset.spi.assemble.BeanAccembleHelper.getBeanFromFactory(BeanAccembleHelper.java:962)
	at org.frameworkset.spi.assemble.BeanAccembleHelper.getBean(BeanAccembleHelper.java:1802)
	at org.frameworkset.spi.assemble.Pro.getBean(Pro.java:328)
	at org.frameworkset.spi.assemble.Pro.getTrueValue_(Pro.java:1086)
	at org.frameworkset.spi.assemble.Pro.getTrueValue(Pro.java:926)
	at org.frameworkset.spi.assemble.Pro.getTrueValue(Pro.java:902)
	at org.frameworkset.spi.assemble.Pro.getTrueValue(Pro.java:885)
	at org.frameworkset.spi.assemble.BeanAccembleHelper.getBeanFromClass(BeanAccembleHelper.java:1626)
	at org.frameworkset.spi.assemble.BeanAccembleHelper.getBeanFromClass(BeanAccembleHelper.java:1588)
	at org.frameworkset.spi.assemble.BeanAccembleHelper.getBean(BeanAccembleHelper.java:1795)
	at org.frameworkset.spi.assemble.Pro.getBean(Pro.java:328)
	at org.frameworkset.spi.assemble.Pro.getTrueValue_(Pro.java:1086)
	at org.frameworkset.spi.assemble.Pro.getTrueValue(Pro.java:926)
	at org.frameworkset.spi.assemble.Pro.getTrueValue(Pro.java:902)
	at org.frameworkset.spi.assemble.Pro.getBeanObject(Pro.java:1510)
	at org.frameworkset.spi.assemble.ServiceProviderManager.getBeanObject(ServiceProviderManager.java:905)
	at org.frameworkset.spi.BaseApplicationContext.getBeanObject(BaseApplicationContext.java:1718)
	at org.frameworkset.spi.BaseApplicationContext.getBeanObject(BaseApplicationContext.java:1623)
	at org.frameworkset.spi.BaseApplicationContext.getBeanObject(BaseApplicationContext.java:1676)
	at org.frameworkset.spi.assemble.BeanAccembleHelper.getFactoryRefValue(BeanAccembleHelper.java:216)
	at org.frameworkset.spi.assemble.BeanAccembleHelper.getBeanFromFactory(BeanAccembleHelper.java:913)
	at org.frameworkset.spi.assemble.BeanAccembleHelper.getBean(BeanAccembleHelper.java:1802)
	at org.frameworkset.spi.assemble.Pro.getBean(Pro.java:328)
	at org.frameworkset.spi.assemble.Pro.getTrueValue_(Pro.java:1086)
	at org.frameworkset.spi.assemble.Pro.getTrueValue(Pro.java:926)
	at org.frameworkset.spi.assemble.Pro.getTrueValue(Pro.java:902)
	at org.frameworkset.spi.assemble.Pro.getBeanObject(Pro.java:1510)
	at org.frameworkset.spi.assemble.ServiceProviderManager.getBeanObject(ServiceProviderManager.java:905)
	at org.frameworkset.spi.BaseApplicationContext.getBeanObject(BaseApplicationContext.java:1718)
	at org.frameworkset.spi.BaseApplicationContext.getBeanObject(BaseApplicationContext.java:1623)
	at org.frameworkset.spi.BaseApplicationContext.getBeanObject(BaseApplicationContext.java:1406)
	at org.frameworkset.spi.BaseApplicationContext.getTBeanObject(BaseApplicationContext.java:1398)
	at com.frameworkset.common.poolman.hibernate.TestPlugin.test(TestPlugin.java:20)
	at sun.reflect.NativeMethodAccessorImpl.invoke0(Native Method)
	at sun.reflect.NativeMethodAccessorImpl.invoke(NativeMethodAccessorImpl.java:57)
	at sun.reflect.DelegatingMethodAccessorImpl.invoke(DelegatingMethodAccessorImpl.java:43)
	at java.lang.reflect.Method.invoke(Method.java:606)
	at org.junit.runners.model.FrameworkMethod$1.runReflectiveCall(FrameworkMethod.java:50)
	at org.junit.internal.runners.model.ReflectiveCallable.run(ReflectiveCallable.java:12)
	at org.junit.runners.model.FrameworkMethod.invokeExplosively(FrameworkMethod.java:47)
	at org.junit.internal.runners.statements.InvokeMethod.evaluate(InvokeMethod.java:17)
	at org.junit.runners.ParentRunner.runLeaf(ParentRunner.java:325)
	at org.junit.runners.BlockJUnit4ClassRunner.runChild(BlockJUnit4ClassRunner.java:78)
	at org.junit.runners.BlockJUnit4ClassRunner.runChild(BlockJUnit4ClassRunner.java:57)
	at org.junit.runners.ParentRunner$3.run(ParentRunner.java:290)
	at org.junit.runners.ParentRunner$1.schedule(ParentRunner.java:71)
	at org.junit.runners.ParentRunner.runChildren(ParentRunner.java:288)
	at org.junit.runners.ParentRunner.access$000(ParentRunner.java:58)
	at org.junit.runners.ParentRunner$2.evaluate(ParentRunner.java:268)
	at org.junit.runners.ParentRunner.run(ParentRunner.java:363)
	at org.eclipse.jdt.internal.junit4.runner.JUnit4TestReference.run(JUnit4TestReference.java:86)
	at org.eclipse.jdt.internal.junit.runner.TestExecution.run(TestExecution.java:38)
	at org.eclipse.jdt.internal.junit.runner.RemoteTestRunner.runTests(RemoteTestRunner.java:459)
	at org.eclipse.jdt.internal.junit.runner.RemoteTestRunner.runTests(RemoteTestRunner.java:675)
	at org.eclipse.jdt.internal.junit.runner.RemoteTestRunner.run(RemoteTestRunner.java:382)
	at org.eclipse.jdt.internal.junit.runner.RemoteTestRunner.main(RemoteTestRunner.java:192)


** END NESTED EXCEPTION **



Last packet sent to the server was 18 ms ago.
	at com.mysql.jdbc.Connection.createNewIO(Connection.java:2643)
	at com.mysql.jdbc.Connection.<init>(Connection.java:1485)
	at com.mysql.jdbc.NonRegisteringDriver.connect(NonRegisteringDriver.java:266)
	at com.frameworkset.commons.dbcp2.DriverConnectionFactory.createConnection(DriverConnectionFactory.java:39)
	at com.frameworkset.commons.dbcp2.PoolableConnectionFactory.makeObject(PoolableConnectionFactory.java:256)
	at com.frameworkset.commons.dbcp2.BasicDataSource.validateConnectionFactory(BasicDataSource.java:2329)
	at com.frameworkset.commons.dbcp2.BasicDataSource.createPoolableConnectionFactory(BasicDataSource.java:2315)
	... 78 more
[2016-06-13 15:28:15][ERROR][com.frameworkset.common.poolman.util.JDBCPool] initializing JDBCPool[bspf] failed:
java.sql.SQLException: Cannot create PoolableConnectionFactory (Access denied for user 'biaoge'@'222.240.183.34' (using password: YES))
	at com.frameworkset.commons.dbcp2.BasicDataSource.createPoolableConnectionFactory(BasicDataSource.java:2319)
	at com.frameworkset.commons.dbcp2.BasicDataSource.createDataSource(BasicDataSource.java:2066)
	at com.frameworkset.commons.dbcp2.BasicDataSource.getLogWriter(BasicDataSource.java:1616)
	at com.frameworkset.commons.dbcp.BasicDataSourceFactory.createDBCP2DataSource(BasicDataSourceFactory.java:319)
	at com.frameworkset.common.poolman.util.JDBCPool.initPoolDatasource(JDBCPool.java:529)
	at com.frameworkset.common.poolman.util.JDBCPool.setUpCommonPool(JDBCPool.java:560)
	at com.frameworkset.common.poolman.util.JDBCPool.startPool(JDBCPool.java:791)
	at com.frameworkset.common.poolman.util.JDBCPool.<init>(JDBCPool.java:754)
	at com.frameworkset.common.poolman.util.SQLManager.createPool(SQLManager.java:123)
	at com.frameworkset.common.poolman.management.LocalPoolDeployer.startDataSources(LocalPoolDeployer.java:146)
	at com.frameworkset.common.poolman.management.LocalPoolDeployer.deployConfiguration(LocalPoolDeployer.java:69)
	at com.frameworkset.common.poolman.management.PoolManBootstrap.start(PoolManBootstrap.java:185)
	at com.frameworkset.common.poolman.management.PoolManBootstrap.start(PoolManBootstrap.java:99)
	at com.frameworkset.common.poolman.util.SQLManager.assertLoaded(SQLManager.java:142)
	at com.frameworkset.common.poolman.util.SQLManager.getPool(SQLManager.java:248)
	at com.frameworkset.common.poolman.util.SQLManager.getPool(SQLManager.java:240)
	at com.frameworkset.common.poolman.util.SQLManager.getDatasourceByDBName(SQLManager.java:158)
	at sun.reflect.NativeMethodAccessorImpl.invoke0(Native Method)
	at sun.reflect.NativeMethodAccessorImpl.invoke(NativeMethodAccessorImpl.java:57)
	at sun.reflect.DelegatingMethodAccessorImpl.invoke(DelegatingMethodAccessorImpl.java:43)
	at java.lang.reflect.Method.invoke(Method.java:606)
	at org.frameworkset.spi.assemble.BeanAccembleHelper.invokerMethod(BeanAccembleHelper.java:1207)
	at org.frameworkset.spi.assemble.BeanAccembleHelper.creatorBeanByFactoryClass(BeanAccembleHelper.java:1311)
	at org.frameworkset.spi.assemble.BeanAccembleHelper.getBeanFromFactory(BeanAccembleHelper.java:962)
	at org.frameworkset.spi.assemble.BeanAccembleHelper.getBean(BeanAccembleHelper.java:1802)
	at org.frameworkset.spi.assemble.Pro.getBean(Pro.java:328)
	at org.frameworkset.spi.assemble.Pro.getTrueValue_(Pro.java:1086)
	at org.frameworkset.spi.assemble.Pro.getTrueValue(Pro.java:926)
	at org.frameworkset.spi.assemble.Pro.getTrueValue(Pro.java:902)
	at org.frameworkset.spi.assemble.Pro.getTrueValue(Pro.java:885)
	at org.frameworkset.spi.assemble.BeanAccembleHelper.getBeanFromClass(BeanAccembleHelper.java:1626)
	at org.frameworkset.spi.assemble.BeanAccembleHelper.getBeanFromClass(BeanAccembleHelper.java:1588)
	at org.frameworkset.spi.assemble.BeanAccembleHelper.getBean(BeanAccembleHelper.java:1795)
	at org.frameworkset.spi.assemble.Pro.getBean(Pro.java:328)
	at org.frameworkset.spi.assemble.Pro.getTrueValue_(Pro.java:1086)
	at org.frameworkset.spi.assemble.Pro.getTrueValue(Pro.java:926)
	at org.frameworkset.spi.assemble.Pro.getTrueValue(Pro.java:902)
	at org.frameworkset.spi.assemble.Pro.getBeanObject(Pro.java:1510)
	at org.frameworkset.spi.assemble.ServiceProviderManager.getBeanObject(ServiceProviderManager.java:905)
	at org.frameworkset.spi.BaseApplicationContext.getBeanObject(BaseApplicationContext.java:1718)
	at org.frameworkset.spi.BaseApplicationContext.getBeanObject(BaseApplicationContext.java:1623)
	at org.frameworkset.spi.BaseApplicationContext.getBeanObject(BaseApplicationContext.java:1676)
	at org.frameworkset.spi.assemble.BeanAccembleHelper.getFactoryRefValue(BeanAccembleHelper.java:216)
	at org.frameworkset.spi.assemble.BeanAccembleHelper.getBeanFromFactory(BeanAccembleHelper.java:913)
	at org.frameworkset.spi.assemble.BeanAccembleHelper.getBean(BeanAccembleHelper.java:1802)
	at org.frameworkset.spi.assemble.Pro.getBean(Pro.java:328)
	at org.frameworkset.spi.assemble.Pro.getTrueValue_(Pro.java:1086)
	at org.frameworkset.spi.assemble.Pro.getTrueValue(Pro.java:926)
	at org.frameworkset.spi.assemble.Pro.getTrueValue(Pro.java:902)
	at org.frameworkset.spi.assemble.Pro.getBeanObject(Pro.java:1510)
	at org.frameworkset.spi.assemble.ServiceProviderManager.getBeanObject(ServiceProviderManager.java:905)
	at org.frameworkset.spi.BaseApplicationContext.getBeanObject(BaseApplicationContext.java:1718)
	at org.frameworkset.spi.BaseApplicationContext.getBeanObject(BaseApplicationContext.java:1623)
	at org.frameworkset.spi.BaseApplicationContext.getBeanObject(BaseApplicationContext.java:1406)
	at org.frameworkset.spi.BaseApplicationContext.getTBeanObject(BaseApplicationContext.java:1398)
	at com.frameworkset.common.poolman.hibernate.TestPlugin.test(TestPlugin.java:20)
	at sun.reflect.NativeMethodAccessorImpl.invoke0(Native Method)
	at sun.reflect.NativeMethodAccessorImpl.invoke(NativeMethodAccessorImpl.java:57)
	at sun.reflect.DelegatingMethodAccessorImpl.invoke(DelegatingMethodAccessorImpl.java:43)
	at java.lang.reflect.Method.invoke(Method.java:606)
	at org.junit.runners.model.FrameworkMethod$1.runReflectiveCall(FrameworkMethod.java:50)
	at org.junit.internal.runners.model.ReflectiveCallable.run(ReflectiveCallable.java:12)
	at org.junit.runners.model.FrameworkMethod.invokeExplosively(FrameworkMethod.java:47)
	at org.junit.internal.runners.statements.InvokeMethod.evaluate(InvokeMethod.java:17)
	at org.junit.runners.ParentRunner.runLeaf(ParentRunner.java:325)
	at org.junit.runners.BlockJUnit4ClassRunner.runChild(BlockJUnit4ClassRunner.java:78)
	at org.junit.runners.BlockJUnit4ClassRunner.runChild(BlockJUnit4ClassRunner.java:57)
	at org.junit.runners.ParentRunner$3.run(ParentRunner.java:290)
	at org.junit.runners.ParentRunner$1.schedule(ParentRunner.java:71)
	at org.junit.runners.ParentRunner.runChildren(ParentRunner.java:288)
	at org.junit.runners.ParentRunner.access$000(ParentRunner.java:58)
	at org.junit.runners.ParentRunner$2.evaluate(ParentRunner.java:268)
	at org.junit.runners.ParentRunner.run(ParentRunner.java:363)
	at org.eclipse.jdt.internal.junit4.runner.JUnit4TestReference.run(JUnit4TestReference.java:86)
	at org.eclipse.jdt.internal.junit.runner.TestExecution.run(TestExecution.java:38)
	at org.eclipse.jdt.internal.junit.runner.RemoteTestRunner.runTests(RemoteTestRunner.java:459)
	at org.eclipse.jdt.internal.junit.runner.RemoteTestRunner.runTests(RemoteTestRunner.java:675)
	at org.eclipse.jdt.internal.junit.runner.RemoteTestRunner.run(RemoteTestRunner.java:382)
	at org.eclipse.jdt.internal.junit.runner.RemoteTestRunner.main(RemoteTestRunner.java:192)
Caused by: java.sql.SQLException: Access denied for user 'biaoge'@'222.240.183.34' (using password: YES)
	at com.mysql.jdbc.MysqlIO.checkErrorPacket(MysqlIO.java:2975)
	at com.mysql.jdbc.MysqlIO.checkErrorPacket(MysqlIO.java:798)
	at com.mysql.jdbc.MysqlIO.secureAuth411(MysqlIO.java:3700)
	at com.mysql.jdbc.MysqlIO.doHandshake(MysqlIO.java:1203)
	at com.mysql.jdbc.Connection.createNewIO(Connection.java:2572)
	at com.mysql.jdbc.Connection.<init>(Connection.java:1485)
	at com.mysql.jdbc.NonRegisteringDriver.connect(NonRegisteringDriver.java:266)
	at com.frameworkset.commons.dbcp2.DriverConnectionFactory.createConnection(DriverConnectionFactory.java:39)
	at com.frameworkset.commons.dbcp2.PoolableConnectionFactory.makeObject(PoolableConnectionFactory.java:256)
	at com.frameworkset.commons.dbcp2.BasicDataSource.validateConnectionFactory(BasicDataSource.java:2329)
	at com.frameworkset.commons.dbcp2.BasicDataSource.createPoolableConnectionFactory(BasicDataSource.java:2315)
	... 78 more
